2024-05-09 07:44:22 [32minfo[39m: [32mserver listening on 3000[39m
2024-05-09 07:45:32 [32minfo[39m: [32mserver listening on 3000[39m
2024-05-09 07:45:37 [32minfo[39m: [32mConectado ao banco de dados[39m
2024-05-09 07:45:37 [32minfo[39m: [32mserver listening on 3000[39m
2024-05-09 07:45:57 [32minfo[39m: [32mConectado ao banco de dados[39m
2024-05-09 07:45:57 [32minfo[39m: [32mserver listening on 3000[39m
2024-05-09 07:46:15 [31merror[39m: [31mErro ao conectar ao banco[39m
2024-05-09 07:46:15 [31merror[39m: [31mInvalid scheme, expected connection string to start with "mongodb://" or "mongodb+srv://"[39m
2024-05-09 07:46:15 [32minfo[39m: [32mserver listening on 3000[39m
2024-05-09 07:46:21 [32minfo[39m: [32mConectado ao banco de dados[39m
2024-05-09 07:46:21 [32minfo[39m: [32mserver listening on 3000[39m
2024-05-09 07:46:41 [32minfo[39m: [32mConectado ao banco de dados[39m
2024-05-09 07:46:41 [32minfo[39m: [32mserver listening on 3000[39m
2024-05-09 07:46:49 [32minfo[39m: [32mConectado ao banco de dados[39m
2024-05-09 07:46:49 [32minfo[39m: [32mserver listening on 3000[39m
2024-05-09 07:53:58 [32minfo[39m: [32mConectado ao banco de dados[39m
2024-05-09 07:53:58 [32minfo[39m: [32mserver listening on 3000[39m
2024-05-09 07:54:02 [32minfo[39m: [32mConectado ao banco de dados[39m
2024-05-09 07:54:02 [32minfo[39m: [32mserver listening on 3000[39m
2024-05-09 07:54:15 [32minfo[39m: [32mConectado ao banco de dados[39m
2024-05-09 07:54:15 [32minfo[39m: [32mserver listening on 3000[39m
2024-05-09 07:54:35 [32minfo[39m: [32mConectado ao banco de dados[39m
2024-05-09 07:54:35 [32minfo[39m: [32mserver listening on 3000[39m
2024-05-09 07:55:06 [32minfo[39m: [32mConectado ao banco de dados[39m
2024-05-09 07:55:06 [32minfo[39m: [32mserver listening on 3000[39m
2024-05-09 07:55:09 [35mhttp[39m: [35mGET /api/teste 200 26 - 2.018 ms[39m
[35m[39m
2024-05-09 07:56:22 [32minfo[39m: [32mConectado ao banco de dados[39m
2024-05-09 07:56:22 [32minfo[39m: [32mserver listening on 3000[39m
2024-05-09 08:04:22 [32minfo[39m: [32mConectado ao banco de dados[39m
2024-05-09 08:04:22 [32minfo[39m: [32mserver listening on 3000[39m
2024-05-09 08:05:49 [35mhttp[39m: [35mPOST /api/movie 200 13 - 2.765 ms[39m
[35m[39m
2024-05-09 08:06:40 [32minfo[39m: [32mConectado ao banco de dados[39m
2024-05-09 08:06:40 [32minfo[39m: [32mserver listening on 3000[39m
2024-05-09 08:06:53 [32minfo[39m: [32mConectado ao banco de dados[39m
2024-05-09 08:06:53 [32minfo[39m: [32mserver listening on 3000[39m
2024-05-09 08:07:05 [32minfo[39m: [32mConectado ao banco de dados[39m
2024-05-09 08:07:05 [32minfo[39m: [32mserver listening on 3000[39m
2024-05-09 08:07:31 [32minfo[39m: [32mConectado ao banco de dados[39m
2024-05-09 08:07:31 [32minfo[39m: [32mserver listening on 3000[39m
2024-05-09 08:07:38 [32minfo[39m: [32mConectado ao banco de dados[39m
2024-05-09 08:07:38 [32minfo[39m: [32mserver listening on 3000[39m
2024-05-09 08:08:05 [32minfo[39m: [32mConectado ao banco de dados[39m
2024-05-09 08:08:05 [32minfo[39m: [32mserver listening on 3000[39m
2024-05-09 08:08:46 [35mhttp[39m: [35mPOST /api/movie 201 147 - 29.811 ms[39m
[35m[39m
2024-05-09 08:16:29 [32minfo[39m: [32mConectado ao banco de dados[39m
2024-05-09 08:16:29 [32minfo[39m: [32mserver listening on 3000[39m
2024-05-09 08:16:35 [32minfo[39m: [32mConectado ao banco de dados[39m
2024-05-09 08:16:35 [32minfo[39m: [32mserver listening on 3000[39m
2024-05-09 08:16:51 [32minfo[39m: [32mConectado ao banco de dados[39m
2024-05-09 08:16:51 [32minfo[39m: [32mserver listening on 3000[39m
2024-05-09 08:20:26 [32minfo[39m: [32mConectado ao banco de dados[39m
2024-05-09 08:20:26 [32minfo[39m: [32mserver listening on 3000[39m
2024-05-09 08:20:37 [35mhttp[39m: [35mPOST /api/movie 400 102 - 5.336 ms[39m
[35m[39m
2024-05-09 08:21:14 [32minfo[39m: [32mConectado ao banco de dados[39m
2024-05-09 08:21:14 [32minfo[39m: [32mserver listening on 3000[39m
2024-05-09 08:21:39 [32minfo[39m: [32mConectado ao banco de dados[39m
2024-05-09 08:21:39 [32minfo[39m: [32mserver listening on 3000[39m
2024-05-09 08:21:56 [32minfo[39m: [32mConectado ao banco de dados[39m
2024-05-09 08:21:56 [32minfo[39m: [32mserver listening on 3000[39m
2024-05-09 08:22:05 [32minfo[39m: [32mConectado ao banco de dados[39m
2024-05-09 08:22:05 [32minfo[39m: [32mserver listening on 3000[39m
2024-05-09 08:22:40 [32minfo[39m: [32mConectado ao banco de dados[39m
2024-05-09 08:22:40 [32minfo[39m: [32mserver listening on 3000[39m
2024-05-09 08:23:37 [32minfo[39m: [32mConectado ao banco de dados[39m
2024-05-09 08:23:37 [32minfo[39m: [32mserver listening on 3000[39m
2024-05-09 08:23:43 [32minfo[39m: [32mConectado ao banco de dados[39m
2024-05-09 08:23:43 [32minfo[39m: [32mserver listening on 3000[39m
2024-05-09 08:23:56 [35mhttp[39m: [35mPOST /api/movie 400 142 - 6.111 ms[39m
[35m[39m
2024-05-09 08:24:57 [32minfo[39m: [32mConectado ao banco de dados[39m
2024-05-09 08:24:57 [32minfo[39m: [32mserver listening on 3000[39m
2024-05-09 08:25:17 [32minfo[39m: [32mConectado ao banco de dados[39m
2024-05-09 08:25:17 [32minfo[39m: [32mserver listening on 3000[39m
2024-05-09 08:25:46 [35mhttp[39m: [35mPOST /api/movie 400 108 - 5.917 ms[39m
[35m[39m
2024-05-09 08:26:47 [32minfo[39m: [32mConectado ao banco de dados[39m
2024-05-09 08:26:47 [32minfo[39m: [32mserver listening on 3000[39m
2024-05-09 08:26:54 [35mhttp[39m: [35mPOST /api/movie 400 101 - 6.631 ms[39m
[35m[39m
2024-05-09 08:27:06 [35mhttp[39m: [35mPOST /api/movie 400 54 - 1.874 ms[39m
[35m[39m
2024-05-09 08:29:50 [32minfo[39m: [32mConectado ao banco de dados[39m
2024-05-09 08:29:50 [32minfo[39m: [32mserver listening on 3000[39m
2024-05-09 08:29:53 [35mhttp[39m: [35mPOST /api/movie 400 93 - 6.224 ms[39m
[35m[39m
2024-05-09 08:30:28 [35mhttp[39m: [35mPOST /api/movie 400 54 - 2.356 ms[39m
[35m[39m
2024-05-09 08:31:11 [35mhttp[39m: [35mPOST /api/movie 201 374 - 25.956 ms[39m
[35m[39m
2024-05-09 08:33:31 [32minfo[39m: [32mConectado ao banco de dados[39m
2024-05-09 08:33:31 [32minfo[39m: [32mserver listening on 3000[39m
2024-05-09 08:33:42 [32minfo[39m: [32mConectado ao banco de dados[39m
2024-05-09 08:33:42 [32minfo[39m: [32mserver listening on 3000[39m
2024-05-09 08:34:15 [32minfo[39m: [32mConectado ao banco de dados[39m
2024-05-09 08:34:15 [32minfo[39m: [32mserver listening on 3000[39m
2024-05-09 08:34:36 [32minfo[39m: [32mConectado ao banco de dados[39m
2024-05-09 08:34:36 [32minfo[39m: [32mserver listening on 3000[39m
2024-05-09 08:34:41 [32minfo[39m: [32mConectado ao banco de dados[39m
2024-05-09 08:34:41 [32minfo[39m: [32mserver listening on 3000[39m
2024-05-09 08:35:53 [31merror[39m: [31mErro no sistema: Cast to ObjectId failed for value "663cb3ff0032c06a599368c" (type string) at path "_id" for model "Movie"[39m
2024-05-09 08:35:53 [35mhttp[39m: [35mGET /api/movie/663cb3ff0032c06a599368c 500 286 - 7.351 ms[39m
[35m[39m
2024-05-09 08:38:00 [35mhttp[39m: [35mGET /api/movie/663cb3ff0032c06a599368c9 200 374 - 13.588 ms[39m
[35m[39m
2024-05-09 08:38:07 [31merror[39m: [31mErro no sistema: Cast to ObjectId failed for value "663cb3ff0032c06a599368c95" (type string) at path "_id" for model "Movie"[39m
2024-05-09 08:38:07 [35mhttp[39m: [35mGET /api/movie/663cb3ff0032c06a599368c95 500 292 - 1.308 ms[39m
[35m[39m
2024-05-09 08:38:12 [35mhttp[39m: [35mGET /api/movie/663cb3ff0032c06a599368c9 200 374 - 8.428 ms[39m
[35m[39m
2024-05-09 08:38:17 [31merror[39m: [31mErro no sistema: Cast to ObjectId failed for value "34434" (type string) at path "_id" for model "Movie"[39m
2024-05-09 08:38:17 [35mhttp[39m: [35mGET /api/movie/34434 500 232 - 1.461 ms[39m
[35m[39m
2024-05-09 08:38:29 [35mhttp[39m: [35mGET /api/movie/663cb3ff0032c06a599368c9 200 374 - 8.469 ms[39m
[35m[39m
2024-05-09 08:39:52 [32minfo[39m: [32mConectado ao banco de dados[39m
2024-05-09 08:39:52 [32minfo[39m: [32mserver listening on 3000[39m
2024-05-09 08:40:42 [32minfo[39m: [32mConectado ao banco de dados[39m
2024-05-09 08:40:42 [32minfo[39m: [32mserver listening on 3000[39m
2024-05-09 08:40:45 [35mhttp[39m: [35mGET /api/movie/663cb3ff0032c06a599368c9 200 374 - 18.375 ms[39m
[35m[39m
2024-05-09 08:40:49 [31merror[39m: [31mErro no sistema: Cast to ObjectId failed for value "663cb3ff0032c06a599368c" (type string) at path "_id" for model "Movie"[39m
2024-05-09 08:40:49 [35mhttp[39m: [35mGET /api/movie/663cb3ff0032c06a599368c 500 286 - 2.953 ms[39m
[35m[39m
2024-05-09 08:41:50 [32minfo[39m: [32mConectado ao banco de dados[39m
2024-05-09 08:41:50 [32minfo[39m: [32mserver listening on 3000[39m
2024-05-09 08:42:10 [32minfo[39m: [32mConectado ao banco de dados[39m
2024-05-09 08:42:10 [32minfo[39m: [32mserver listening on 3000[39m
2024-05-09 08:42:18 [32minfo[39m: [32mConectado ao banco de dados[39m
2024-05-09 08:42:18 [32minfo[39m: [32mserver listening on 3000[39m
2024-05-09 08:42:24 [32minfo[39m: [32mConectado ao banco de dados[39m
2024-05-09 08:42:24 [32minfo[39m: [32mserver listening on 3000[39m
2024-05-09 08:42:33 [32minfo[39m: [32mConectado ao banco de dados[39m
2024-05-09 08:42:33 [32minfo[39m: [32mserver listening on 3000[39m
2024-05-09 08:42:51 [32minfo[39m: [32mConectado ao banco de dados[39m
2024-05-09 08:42:51 [32minfo[39m: [32mserver listening on 3000[39m
2024-05-09 08:43:05 [32minfo[39m: [32mConectado ao banco de dados[39m
2024-05-09 08:43:05 [32minfo[39m: [32mserver listening on 3000[39m
2024-05-09 08:43:14 [32minfo[39m: [32mConectado ao banco de dados[39m
2024-05-09 08:43:14 [32minfo[39m: [32mserver listening on 3000[39m
2024-05-09 08:43:21 [32minfo[39m: [32mConectado ao banco de dados[39m
2024-05-09 08:43:21 [32minfo[39m: [32mserver listening on 3000[39m
2024-05-09 08:43:39 [32minfo[39m: [32mConectado ao banco de dados[39m
2024-05-09 08:43:39 [32minfo[39m: [32mserver listening on 3000[39m
2024-05-09 08:44:03 [35mhttp[39m: [35mGET /api/movie 200 524 - 18.276 ms[39m
[35m[39m
2024-05-09 08:44:18 [35mhttp[39m: [35mPOST /api/movie 201 374 - 27.281 ms[39m
[35m[39m
2024-05-09 08:44:21 [35mhttp[39m: [35mGET /api/movie 200 899 - 8.986 ms[39m
[35m[39m
2024-05-09 08:44:59 [32minfo[39m: [32mConectado ao banco de dados[39m
2024-05-09 08:44:59 [32minfo[39m: [32mserver listening on 3000[39m
2024-05-09 08:45:15 [32minfo[39m: [32mConectado ao banco de dados[39m
2024-05-09 08:45:15 [32minfo[39m: [32mserver listening on 3000[39m
2024-05-09 08:45:42 [32minfo[39m: [32mConectado ao banco de dados[39m
2024-05-09 08:45:42 [32minfo[39m: [32mserver listening on 3000[39m
2024-05-09 08:46:19 [32minfo[39m: [32mConectado ao banco de dados[39m
2024-05-09 08:46:19 [32minfo[39m: [32mserver listening on 3000[39m
2024-05-09 08:46:45 [32minfo[39m: [32mConectado ao banco de dados[39m
2024-05-09 08:46:45 [32minfo[39m: [32mserver listening on 3000[39m
2024-05-09 08:47:15 [32minfo[39m: [32mConectado ao banco de dados[39m
2024-05-09 08:47:15 [32minfo[39m: [32mserver listening on 3000[39m
2024-05-09 08:47:55 [31merror[39m: [31mErro no sistema: Cast to ObjectId failed for value "663cb3ff0032c06a599368c" (type string) at path "_id" for model "Movie"[39m
2024-05-09 08:47:55 [35mhttp[39m: [35mDELETE /api/movie/663cb3ff0032c06a599368c 500 286 - 6.758 ms[39m
[35m[39m
2024-05-09 08:48:08 [35mhttp[39m: [35mDELETE /api/movie/663cb3ff0032c06a599368c9 - - - - ms[39m
[35m[39m
2024-05-09 08:48:56 [32minfo[39m: [32mConectado ao banco de dados[39m
2024-05-09 08:48:56 [32minfo[39m: [32mserver listening on 3000[39m
2024-05-09 08:49:24 [32minfo[39m: [32mConectado ao banco de dados[39m
2024-05-09 08:49:24 [32minfo[39m: [32mserver listening on 3000[39m
2024-05-09 08:49:28 [35mhttp[39m: [35mGET /api/movie 200 899 - 19.420 ms[39m
[35m[39m
2024-05-09 08:49:38 [35mhttp[39m: [35mDELETE /api/movie/663caebef34be25bc82aef15 200 40 - 24.292 ms[39m
[35m[39m
2024-05-09 08:49:41 [35mhttp[39m: [35mGET /api/movie 200 751 - 8.706 ms[39m
[35m[39m
2024-05-09 08:54:54 [32minfo[39m: [32mConectado ao banco de dados[39m
2024-05-09 08:54:54 [32minfo[39m: [32mserver listening on 3000[39m
2024-05-09 08:55:00 [32minfo[39m: [32mConectado ao banco de dados[39m
2024-05-09 08:55:00 [32minfo[39m: [32mserver listening on 3000[39m
2024-05-09 08:55:07 [32minfo[39m: [32mConectado ao banco de dados[39m
2024-05-09 08:55:07 [32minfo[39m: [32mserver listening on 3000[39m
2024-05-09 08:55:13 [32minfo[39m: [32mConectado ao banco de dados[39m
2024-05-09 08:55:13 [32minfo[39m: [32mserver listening on 3000[39m
2024-05-09 08:55:24 [32minfo[39m: [32mConectado ao banco de dados[39m
2024-05-09 08:55:24 [32minfo[39m: [32mserver listening on 3000[39m
2024-05-09 08:55:59 [32minfo[39m: [32mConectado ao banco de dados[39m
2024-05-09 08:55:59 [32minfo[39m: [32mserver listening on 3000[39m
2024-05-09 08:57:12 [32minfo[39m: [32mConectado ao banco de dados[39m
2024-05-09 08:57:12 [32minfo[39m: [32mserver listening on 3000[39m
2024-05-09 08:57:21 [32minfo[39m: [32mConectado ao banco de dados[39m
2024-05-09 08:57:21 [32minfo[39m: [32mserver listening on 3000[39m
2024-05-09 08:57:30 [32minfo[39m: [32mConectado ao banco de dados[39m
2024-05-09 08:57:30 [32minfo[39m: [32mserver listening on 3000[39m
2024-05-09 08:57:41 [32minfo[39m: [32mConectado ao banco de dados[39m
2024-05-09 08:57:41 [32minfo[39m: [32mserver listening on 3000[39m
2024-05-09 08:58:34 [35mhttp[39m: [35mGET /api/movie 200 751 - 18.618 ms[39m
[35m[39m
2024-05-09 08:59:02 [35mhttp[39m: [35mPATCH /api/movie/663cb3ff0032c06a599368c9 200 262 - 26.474 ms[39m
[35m[39m
2024-05-09 08:59:46 [35mhttp[39m: [35mPATCH /api/movie/663cb3ff0032c06a599368c9 200 264 - 22.955 ms[39m
[35m[39m
2024-05-09 09:01:07 [32minfo[39m: [32mConectado ao banco de dados[39m
2024-05-09 09:01:07 [32minfo[39m: [32mserver listening on 3000[39m
